********************************************************************************
DUPLICATOR-LITE PACKAGE-LOG: 2017-07-31 05:42:23
NOTICE: Do NOT post to public sites or forums 
********************************************************************************
VERSION:	1.2.16
WORDPRESS:	4.8
PHP INFO:	7.1.7 | SAPI: apache2handler
SERVER:		Apache/2.4.25 (Win64) OpenSSL/1.0.2k PHP/7.1.7 
PHP TIME LIMIT: (0) no time limit imposed 
PHP MAX MEMORY: 2048M (512M default) 
MEMORY STACK: 4MB 

********************************************************************************
DATABASE:
********************************************************************************
BUILD MODE:   PHP(query limit - 100)
MYSQLTIMEOUT: 5000
MYSQLDUMP:    Not Supported 
TABLES: total:61 | filtered:0 | create:61 
FILTERED: [] 
SQL CREATED: 20170731_thpvn_43db960f0fa3776d8227170731054203_database.sql 
SQL FILE SIZE: 2.63MB (2753636) 
SQL FILE TIME: 2017-07-31 05:42:24 
SQL RUNTIME: 0.78 sec. 

******************************************************************************** 
ARCHIVE (ZIP): 
******************************************************************************** 
ARCHIVE DIR:  D:/X_XLaragon/www/thpvn 
ARCHIVE FILE: 20170731_thpvn_43db960f0fa3776d8227170731054203_archive.zip 
FILTERS: *ON* 
DIRS:
	D:/X_XLaragon/www/thpvn/wp-content/themes/thpvn/node_modules
	D:/X_XLaragon/www/thpvn/wp-content/themes/thpvn/vendor 
FILES:
	not set 
EXTS:  zip;rar;tar;gz;bz2;7z; 
---------------------------------------- 
COMPRESSING 
SIZE:	87.32MB 
STATS:	Dirs 1,302 | Files 8,697 
SQL ADDED: 20170731_thpvn_43db960f0fa3776d8227170731054203_database.sql 
ZipArchive Object
(
    [status] => 0
    [statusSys] => 0
    [numFiles] => 9999
    [filename] => D:\X_XLaragon\www\thpvn\wp-snapshots\tmp\20170731_thpvn_43db960f0fa3776d8227170731054203_archive.zip
    [comment] => 
)
 
COMPRESSION RESULT: '1' 
COMPRESSED SIZE: 35.35MB 
ARCHIVE RUNTIME: 10.33 sec. 
MEMORY STACK: 8MB 

******************************************************************************** 
MAKE INSTALLER: 
******************************************************************************** 
Build Start 
Build Finished 
Preping for use 
Template parsed with new data 
Complete [D:/X_XLaragon/www/thpvn/wp-snapshots/tmp/20170731_thpvn_43db960f0fa3776d8227170731054203_installer.php] 
Added to archive 

******************************************************************************** 
INTEGRITY CHECKS: 
******************************************************************************** 
SQL File: 2.63MB 
Installer File: 431.85KB 
Archive File: 35.35MB  

********************************************************************************
RECORD ID:[3]
TOTAL PROCESS RUNTIME: 11.80 sec.
PEAK PHP MEMORY USED: 8MB
DONE PROCESSING => 20170731_thpvn 2017-07-31 05:42:35
 
